2023-11-22 13:04:44,278 [Worker-3: Loading available Gradle versions] INFO  o.e.b.c.i.u.g.PublishedGradleVersions - Gradle version information cache is up-to-date. Trying to read.
2023-11-22 13:08:40,476 [Worker-17: Importing Maven projects] INFO  o.e.m.c.i.l.LifecycleMappingFactory - Using org.eclipse.m2e.jdt.JarLifecycleMapping lifecycle mapping for MavenProject: UdemyAutomation:ExelDataDrivenImplemintation:0.0.1-SNAPSHOT @ C:\Users\y.bartash\eclipse-workspace\ExelDataDrivenImplemintation\pom.xml.
2023-11-22 13:08:40,964 [Worker-17: Importing Maven projects] INFO  o.e.m.j.i.AbstractJavaProjectConfigurator - Adding source folder /ExelDataDrivenImplemintation/src/main/java
2023-11-22 13:08:40,964 [Worker-17: Importing Maven projects] INFO  o.e.m.j.i.AbstractJavaProjectConfigurator - Adding resource folder /ExelDataDrivenImplemintation/src/main/resources
2023-11-22 13:08:40,965 [Worker-17: Importing Maven projects] INFO  o.e.m.j.i.AbstractJavaProjectConfigurator - Adding source folder /ExelDataDrivenImplemintation/src/test/java
2023-11-22 13:08:40,965 [Worker-17: Importing Maven projects] INFO  o.e.m.j.i.AbstractJavaProjectConfigurator - Adding resource folder /ExelDataDrivenImplemintation/src/test/resources
2023-11-22 13:08:41,011 [Worker-17: Importing Maven projects] INFO  o.e.m.c.i.p.ProjectConfigurationManager - Imported and configured 1 project(s) in 1 sec
2023-11-22 13:08:41,630 [Worker-22: Building] INFO  o.e.m.c.i.embedder.EclipseLogger - Using 'UTF-8' encoding to copy filtered resources.
2023-11-22 13:08:41,630 [Worker-22: Building] INFO  o.e.m.c.i.embedder.EclipseLogger - skip non existing resourceDirectory C:\Users\y.bartash\eclipse-workspace\ExelDataDrivenImplemintation\src\main\resources
2023-11-22 13:08:41,633 [Worker-22: Building] INFO  o.e.m.c.i.embedder.EclipseLogger - Using 'UTF-8' encoding to copy filtered resources.
2023-11-22 13:08:41,633 [Worker-22: Building] INFO  o.e.m.c.i.embedder.EclipseLogger - skip non existing resourceDirectory C:\Users\y.bartash\eclipse-workspace\ExelDataDrivenImplemintation\src\test\resources
2023-11-22 13:09:20,613 [Worker-23: Importing Maven projects] INFO  o.e.m.c.i.l.LifecycleMappingFactory - Using org.eclipse.m2e.jdt.JarLifecycleMapping lifecycle mapping for MavenProject: udemyautomationjava:seleniumFramework:0.0.1-SNAPSHOT @ C:\Users\y.bartash\eclipse-workspace\seleniumFramework\pom.xml.
2023-11-22 13:09:21,045 [Worker-23: Importing Maven projects] INFO  o.e.m.j.i.AbstractJavaProjectConfigurator - Adding source folder /seleniumFramework/src/main/java
2023-11-22 13:09:21,046 [Worker-23: Importing Maven projects] INFO  o.e.m.j.i.AbstractJavaProjectConfigurator - Adding resource folder /seleniumFramework/src/main/resources
2023-11-22 13:09:21,046 [Worker-23: Importing Maven projects] INFO  o.e.m.j.i.AbstractJavaProjectConfigurator - Adding source folder /seleniumFramework/src/test/java
2023-11-22 13:09:21,046 [Worker-23: Importing Maven projects] INFO  o.e.m.j.i.AbstractJavaProjectConfigurator - Adding resource folder /seleniumFramework/src/test/resources
2023-11-22 13:09:21,146 [Worker-23: Importing Maven projects] INFO  o.e.m.c.i.p.ProjectConfigurationManager - Imported and configured 1 project(s) in 0 sec
2023-11-22 13:09:21,730 [Worker-23: Building] INFO  o.e.m.c.i.embedder.EclipseLogger - Using 'UTF-8' encoding to copy filtered resources.
2023-11-22 13:09:21,730 [Worker-23: Building] INFO  o.e.m.c.i.embedder.EclipseLogger - skip non existing resourceDirectory C:\Users\y.bartash\eclipse-workspace\seleniumFramework\src\main\resources
2023-11-22 13:09:21,732 [Worker-23: Building] INFO  o.e.m.c.i.embedder.EclipseLogger - Using 'UTF-8' encoding to copy filtered resources.
2023-11-22 13:09:21,733 [Worker-23: Building] INFO  o.e.m.c.i.embedder.EclipseLogger - skip non existing resourceDirectory C:\Users\y.bartash\eclipse-workspace\seleniumFramework\src\test\resources
2023-11-22 14:21:34,859 [Worker-17: Enabling Maven Dependency Management] INFO  o.e.m.c.i.l.LifecycleMappingFactory - Using org.eclipse.m2e.jdt.JarLifecycleMapping lifecycle mapping for MavenProject: UdemyAutomation:SeleniumFeatures:0.0.1-SNAPSHOT @ C:\Users\y.bartash\eclipse-workspace\SeleniumFeatures\pom.xml.
2023-11-22 14:21:35,317 [Worker-17: Enabling Maven Dependency Management] INFO  o.e.m.j.i.AbstractJavaProjectConfigurator - Adding source folder /SeleniumFeatures/src
2023-11-22 14:21:35,317 [Worker-17: Enabling Maven Dependency Management] INFO  o.e.m.j.i.AbstractJavaProjectConfigurator - Resources folder /SeleniumFeatures/src/main/resources overlaps with sources folder /SeleniumFeatures/src
2023-11-22 14:21:35,319 [Worker-17: Enabling Maven Dependency Management] INFO  o.e.m.j.i.AbstractJavaProjectConfigurator - Not adding source folder /SeleniumFeatures/src/test/java because it overlaps with /SeleniumFeatures/src
2023-11-22 14:21:35,319 [Worker-17: Enabling Maven Dependency Management] INFO  o.e.m.j.i.AbstractJavaProjectConfigurator - Resources folder /SeleniumFeatures/src/test/resources overlaps with sources folder /SeleniumFeatures/src
2023-11-22 14:21:35,399 [Worker-17: Enabling Maven Dependency Management] INFO  o.e.m.c.i.p.ProjectConfigurationManager - Update started
2023-11-22 14:21:35,781 [Worker-17: Enabling Maven Dependency Management] INFO  o.e.m.c.i.l.LifecycleMappingFactory - Using org.eclipse.m2e.jdt.JarLifecycleMapping lifecycle mapping for MavenProject: UdemyAutomation:SeleniumFeatures:0.0.1-SNAPSHOT @ C:\Users\y.bartash\eclipse-workspace\SeleniumFeatures\pom.xml.
2023-11-22 14:21:35,985 [Worker-17: Enabling Maven Dependency Management] INFO  o.e.m.j.i.AbstractJavaProjectConfigurator - Adding source folder /SeleniumFeatures/src
2023-11-22 14:21:35,985 [Worker-17: Enabling Maven Dependency Management] INFO  o.e.m.j.i.AbstractJavaProjectConfigurator - Resources folder /SeleniumFeatures/src/main/resources overlaps with sources folder /SeleniumFeatures/src
2023-11-22 14:21:35,988 [Worker-17: Enabling Maven Dependency Management] INFO  o.e.m.j.i.AbstractJavaProjectConfigurator - Not adding source folder /SeleniumFeatures/src/test/java because it overlaps with /SeleniumFeatures/src
2023-11-22 14:21:35,988 [Worker-17: Enabling Maven Dependency Management] INFO  o.e.m.j.i.AbstractJavaProjectConfigurator - Resources folder /SeleniumFeatures/src/test/resources overlaps with sources folder /SeleniumFeatures/src
2023-11-22 14:21:36,037 [Worker-17: Enabling Maven Dependency Management] INFO  o.e.m.c.i.p.ProjectConfigurationManager - Update completed for 1 poms: local refresh takes 0,00 sec, refresh facades takes 0,00 sec, update config takes 0,00 sec 
2023-11-22 14:21:36,177 [Worker-28: Building] WARN  o.a.m.s.f.DefaultMavenResourcesFiltering - Using platform encoding (Cp1252 actually) to copy filtered resources, i.e. build is platform dependent!
2023-11-22 14:21:36,179 [Worker-28: Building] INFO  o.a.m.s.f.DefaultMavenResourcesFiltering - skip non existing resourceDirectory C:\Users\y.bartash\eclipse-workspace\SeleniumFeatures\src\main\resources
2023-11-22 14:21:36,181 [Worker-28: Building] WARN  o.a.m.s.f.DefaultMavenResourcesFiltering - Using platform encoding (Cp1252 actually) to copy filtered resources, i.e. build is platform dependent!
2023-11-22 14:21:36,183 [Worker-28: Building] INFO  o.a.m.s.f.DefaultMavenResourcesFiltering - skip non existing resourceDirectory C:\Users\y.bartash\eclipse-workspace\SeleniumFeatures\src\test\resources
2023-11-22 14:21:51,670 [Worker-28: Building] INFO  o.e.m.c.i.l.LifecycleMappingFactory - Using org.eclipse.m2e.jdt.JarLifecycleMapping lifecycle mapping for MavenProject: UdemyAutomation:SeleniumFeatures:0.0.1-SNAPSHOT @ C:\Users\y.bartash\eclipse-workspace\SeleniumFeatures\pom.xml.
2023-11-22 14:21:51,775 [Worker-28: Building] WARN  o.a.m.s.f.DefaultMavenResourcesFiltering - Using platform encoding (Cp1252 actually) to copy filtered resources, i.e. build is platform dependent!
2023-11-22 14:21:51,777 [Worker-28: Building] INFO  o.a.m.s.f.DefaultMavenResourcesFiltering - skip non existing resourceDirectory C:\Users\y.bartash\eclipse-workspace\SeleniumFeatures\src\main\resources
2023-11-22 14:21:51,781 [Worker-28: Building] WARN  o.a.m.s.f.DefaultMavenResourcesFiltering - Using platform encoding (Cp1252 actually) to copy filtered resources, i.e. build is platform dependent!
2023-11-22 14:21:51,782 [Worker-28: Building] INFO  o.a.m.s.f.DefaultMavenResourcesFiltering - skip non existing resourceDirectory C:\Users\y.bartash\eclipse-workspace\SeleniumFeatures\src\test\resources
2023-11-22 14:23:34,616 [Worker-27: Building] INFO  o.e.m.c.i.l.LifecycleMappingFactory - Using org.eclipse.m2e.jdt.JarLifecycleMapping lifecycle mapping for MavenProject: UdemyAutomation:SeleniumFeatures:0.0.1-SNAPSHOT @ C:\Users\y.bartash\eclipse-workspace\SeleniumFeatures\pom.xml.
2023-11-22 14:23:34,844 [Worker-27: Building] WARN  o.a.m.s.f.DefaultMavenResourcesFiltering - Using platform encoding (Cp1252 actually) to copy filtered resources, i.e. build is platform dependent!
2023-11-22 14:23:34,845 [Worker-27: Building] INFO  o.a.m.s.f.DefaultMavenResourcesFiltering - skip non existing resourceDirectory C:\Users\y.bartash\eclipse-workspace\SeleniumFeatures\src\main\resources
2023-11-22 14:23:34,848 [Worker-27: Building] WARN  o.a.m.s.f.DefaultMavenResourcesFiltering - Using platform encoding (Cp1252 actually) to copy filtered resources, i.e. build is platform dependent!
2023-11-22 14:23:34,849 [Worker-27: Building] INFO  o.a.m.s.f.DefaultMavenResourcesFiltering - skip non existing resourceDirectory C:\Users\y.bartash\eclipse-workspace\SeleniumFeatures\src\test\resources
2023-11-22 14:24:01,144 [Worker-27: Building] INFO  o.e.m.c.i.l.LifecycleMappingFactory - Using org.eclipse.m2e.jdt.JarLifecycleMapping lifecycle mapping for MavenProject: UdemyAutomation:SeleniumFeatures:0.0.1-SNAPSHOT @ C:\Users\y.bartash\eclipse-workspace\SeleniumFeatures\pom.xml.
2023-11-22 14:24:01,458 [Worker-27: Building] WARN  o.a.m.s.f.DefaultMavenResourcesFiltering - Using platform encoding (Cp1252 actually) to copy filtered resources, i.e. build is platform dependent!
2023-11-22 14:24:01,459 [Worker-27: Building] INFO  o.a.m.s.f.DefaultMavenResourcesFiltering - skip non existing resourceDirectory C:\Users\y.bartash\eclipse-workspace\SeleniumFeatures\src\main\resources
2023-11-22 14:24:01,461 [Worker-27: Building] WARN  o.a.m.s.f.DefaultMavenResourcesFiltering - Using platform encoding (Cp1252 actually) to copy filtered resources, i.e. build is platform dependent!
2023-11-22 14:24:01,462 [Worker-27: Building] INFO  o.a.m.s.f.DefaultMavenResourcesFiltering - skip non existing resourceDirectory C:\Users\y.bartash\eclipse-workspace\SeleniumFeatures\src\test\resources
2023-11-22 14:27:54,433 [Worker-6: Enabling Maven Dependency Management] INFO  o.e.m.c.i.l.LifecycleMappingFactory - Using org.eclipse.m2e.jdt.JarLifecycleMapping lifecycle mapping for MavenProject: UdemyAutomation:SeleniumFeaturesLatest:0.0.1-SNAPSHOT @ C:\Users\y.bartash\eclipse-workspace\SeleniumFeaturesLatest\pom.xml.
2023-11-22 14:27:54,742 [Worker-6: Enabling Maven Dependency Management] INFO  o.e.m.j.i.AbstractJavaProjectConfigurator - Adding source folder /SeleniumFeaturesLatest/src
2023-11-22 14:27:54,742 [Worker-6: Enabling Maven Dependency Management] INFO  o.e.m.j.i.AbstractJavaProjectConfigurator - Resources folder /SeleniumFeaturesLatest/src/main/resources overlaps with sources folder /SeleniumFeaturesLatest/src
2023-11-22 14:27:54,743 [Worker-6: Enabling Maven Dependency Management] INFO  o.e.m.j.i.AbstractJavaProjectConfigurator - Not adding source folder /SeleniumFeaturesLatest/src/test/java because it overlaps with /SeleniumFeaturesLatest/src
2023-11-22 14:27:54,743 [Worker-6: Enabling Maven Dependency Management] INFO  o.e.m.j.i.AbstractJavaProjectConfigurator - Resources folder /SeleniumFeaturesLatest/src/test/resources overlaps with sources folder /SeleniumFeaturesLatest/src
2023-11-22 14:27:54,794 [Worker-6: Enabling Maven Dependency Management] INFO  o.e.m.c.i.p.ProjectConfigurationManager - Update started
2023-11-22 14:27:55,098 [Worker-6: Enabling Maven Dependency Management] INFO  o.e.m.c.i.l.LifecycleMappingFactory - Using org.eclipse.m2e.jdt.JarLifecycleMapping lifecycle mapping for MavenProject: UdemyAutomation:SeleniumFeaturesLatest:0.0.1-SNAPSHOT @ C:\Users\y.bartash\eclipse-workspace\SeleniumFeaturesLatest\pom.xml.
2023-11-22 14:27:55,240 [Worker-6: Enabling Maven Dependency Management] INFO  o.e.m.j.i.AbstractJavaProjectConfigurator - Adding source folder /SeleniumFeaturesLatest/src
2023-11-22 14:27:55,240 [Worker-6: Enabling Maven Dependency Management] INFO  o.e.m.j.i.AbstractJavaProjectConfigurator - Resources folder /SeleniumFeaturesLatest/src/main/resources overlaps with sources folder /SeleniumFeaturesLatest/src
2023-11-22 14:27:55,241 [Worker-6: Enabling Maven Dependency Management] INFO  o.e.m.j.i.AbstractJavaProjectConfigurator - Not adding source folder /SeleniumFeaturesLatest/src/test/java because it overlaps with /SeleniumFeaturesLatest/src
2023-11-22 14:27:55,242 [Worker-6: Enabling Maven Dependency Management] INFO  o.e.m.j.i.AbstractJavaProjectConfigurator - Resources folder /SeleniumFeaturesLatest/src/test/resources overlaps with sources folder /SeleniumFeaturesLatest/src
2023-11-22 14:27:55,265 [Worker-6: Enabling Maven Dependency Management] INFO  o.e.m.c.i.p.ProjectConfigurationManager - Update completed for 1 poms: local refresh takes 0,00 sec, refresh facades takes 0,00 sec, update config takes 0,00 sec 
2023-11-22 14:27:55,434 [Worker-27: Building] WARN  o.a.m.s.f.DefaultMavenResourcesFiltering - Using platform encoding (Cp1252 actually) to copy filtered resources, i.e. build is platform dependent!
2023-11-22 14:27:55,435 [Worker-27: Building] INFO  o.a.m.s.f.DefaultMavenResourcesFiltering - skip non existing resourceDirectory C:\Users\y.bartash\eclipse-workspace\SeleniumFeaturesLatest\src\main\resources
2023-11-22 14:27:55,438 [Worker-27: Building] WARN  o.a.m.s.f.DefaultMavenResourcesFiltering - Using platform encoding (Cp1252 actually) to copy filtered resources, i.e. build is platform dependent!
2023-11-22 14:27:55,439 [Worker-27: Building] INFO  o.a.m.s.f.DefaultMavenResourcesFiltering - skip non existing resourceDirectory C:\Users\y.bartash\eclipse-workspace\SeleniumFeaturesLatest\src\test\resources
2023-11-22 14:28:11,208 [Worker-26: Building] INFO  o.e.m.c.i.l.LifecycleMappingFactory - Using org.eclipse.m2e.jdt.JarLifecycleMapping lifecycle mapping for MavenProject: UdemyAutomation:SeleniumFeaturesLatest:0.0.1-SNAPSHOT @ C:\Users\y.bartash\eclipse-workspace\SeleniumFeaturesLatest\pom.xml.
2023-11-22 14:28:11,400 [Worker-26: Building] WARN  o.a.m.s.f.DefaultMavenResourcesFiltering - Using platform encoding (Cp1252 actually) to copy filtered resources, i.e. build is platform dependent!
2023-11-22 14:28:11,401 [Worker-26: Building] INFO  o.a.m.s.f.DefaultMavenResourcesFiltering - skip non existing resourceDirectory C:\Users\y.bartash\eclipse-workspace\SeleniumFeaturesLatest\src\main\resources
2023-11-22 14:28:11,403 [Worker-26: Building] WARN  o.a.m.s.f.DefaultMavenResourcesFiltering - Using platform encoding (Cp1252 actually) to copy filtered resources, i.e. build is platform dependent!
2023-11-22 14:28:11,404 [Worker-26: Building] INFO  o.a.m.s.f.DefaultMavenResourcesFiltering - skip non existing resourceDirectory C:\Users\y.bartash\eclipse-workspace\SeleniumFeaturesLatest\src\test\resources
2023-11-22 14:28:32,336 [Worker-25: Building] INFO  o.e.m.c.i.l.LifecycleMappingFactory - Using org.eclipse.m2e.jdt.JarLifecycleMapping lifecycle mapping for MavenProject: UdemyAutomation:SeleniumFeaturesLatest:0.0.1-SNAPSHOT @ C:\Users\y.bartash\eclipse-workspace\SeleniumFeaturesLatest\pom.xml.
2023-11-22 14:28:32,636 [Worker-25: Building] WARN  o.a.m.s.f.DefaultMavenResourcesFiltering - Using platform encoding (Cp1252 actually) to copy filtered resources, i.e. build is platform dependent!
2023-11-22 14:28:32,637 [Worker-25: Building] INFO  o.a.m.s.f.DefaultMavenResourcesFiltering - skip non existing resourceDirectory C:\Users\y.bartash\eclipse-workspace\SeleniumFeaturesLatest\src\main\resources
2023-11-22 14:28:32,639 [Worker-25: Building] WARN  o.a.m.s.f.DefaultMavenResourcesFiltering - Using platform encoding (Cp1252 actually) to copy filtered resources, i.e. build is platform dependent!
2023-11-22 14:28:32,640 [Worker-25: Building] INFO  o.a.m.s.f.DefaultMavenResourcesFiltering - skip non existing resourceDirectory C:\Users\y.bartash\eclipse-workspace\SeleniumFeaturesLatest\src\test\resources
2023-11-22 14:32:14,936 [Worker-22: Updating module path] ERROR o.e.m2e.jdt.internal.ModuleSupport - module-info.java [in <default> [in src [in SeleniumFeaturesLatest]]] does not exist
org.eclipse.jdt.core.JavaModelException: module-info.java [in <default> [in src [in SeleniumFeaturesLatest]]] does not exist
	at org.eclipse.jdt.internal.core.JavaElement.newJavaModelException(JavaElement.java:560)
	at org.eclipse.jdt.internal.core.Openable.generateInfos(Openable.java:254)
	at org.eclipse.jdt.internal.core.SourceRefElement.generateInfos(SourceRefElement.java:113)
	at org.eclipse.jdt.internal.core.JavaElement.openWhenClosed(JavaElement.java:573)
	at org.eclipse.jdt.internal.core.JavaElement.getElementInfo(JavaElement.java:304)
	at org.eclipse.jdt.internal.core.JavaElement.getElementInfo(JavaElement.java:290)
	at org.eclipse.jdt.internal.core.AbstractModule.getModuleInfo(AbstractModule.java:83)
	at org.eclipse.jdt.internal.core.AbstractModule.getRequiredModules(AbstractModule.java:118)
	at org.eclipse.jdt.internal.core.AbstractModule.getRequiredModuleNames(AbstractModule.java:154)
	at org.eclipse.m2e.jdt.internal.InternalModuleInfo.fromDescription(InternalModuleInfo.java:50)
	at org.eclipse.m2e.jdt.internal.ModuleSupport.getModuleInfo(ModuleSupport.java:216)
	at org.eclipse.m2e.jdt.internal.BuildPathManager$1.requiresUpdate(BuildPathManager.java:611)
	at org.eclipse.m2e.jdt.internal.BuildPathManager$1.runInWorkspace(BuildPathManager.java:591)
	at org.eclipse.core.internal.resources.InternalWorkspaceJob.run(InternalWorkspaceJob.java:43)
	at org.eclipse.core.internal.jobs.Worker.run(Worker.java:63)
2023-11-22 14:32:14,957 [Worker-27: Building] WARN  o.a.m.s.f.DefaultMavenResourcesFiltering - Using platform encoding (Cp1252 actually) to copy filtered resources, i.e. build is platform dependent!
2023-11-22 14:32:14,958 [Worker-27: Building] INFO  o.a.m.s.f.DefaultMavenResourcesFiltering - skip non existing resourceDirectory C:\Users\y.bartash\eclipse-workspace\SeleniumFeaturesLatest\src\main\resources
2023-11-22 14:32:14,960 [Worker-27: Building] WARN  o.a.m.s.f.DefaultMavenResourcesFiltering - Using platform encoding (Cp1252 actually) to copy filtered resources, i.e. build is platform dependent!
2023-11-22 14:32:14,961 [Worker-27: Building] INFO  o.a.m.s.f.DefaultMavenResourcesFiltering - skip non existing resourceDirectory C:\Users\y.bartash\eclipse-workspace\SeleniumFeaturesLatest\src\test\resources
2023-11-22 14:33:12,260 [Worker-31: Enabling Maven Dependency Management] INFO  o.e.m.c.i.l.LifecycleMappingFactory - Using org.eclipse.m2e.jdt.JarLifecycleMapping lifecycle mapping for MavenProject: UdemyAutomation:SeleniumFeatures:0.0.1-SNAPSHOT @ C:\Users\y.bartash\eclipse-workspace\SeleniumFeatures\pom.xml.
2023-11-22 14:33:12,575 [Worker-31: Enabling Maven Dependency Management] INFO  o.e.m.j.i.AbstractJavaProjectConfigurator - Adding source folder /SeleniumFeatures/src
2023-11-22 14:33:12,576 [Worker-31: Enabling Maven Dependency Management] INFO  o.e.m.j.i.AbstractJavaProjectConfigurator - Resources folder /SeleniumFeatures/src/main/resources overlaps with sources folder /SeleniumFeatures/src
2023-11-22 14:33:12,576 [Worker-31: Enabling Maven Dependency Management] INFO  o.e.m.j.i.AbstractJavaProjectConfigurator - Not adding source folder /SeleniumFeatures/src/test/java because it overlaps with /SeleniumFeatures/src
2023-11-22 14:33:12,576 [Worker-31: Enabling Maven Dependency Management] INFO  o.e.m.j.i.AbstractJavaProjectConfigurator - Resources folder /SeleniumFeatures/src/test/resources overlaps with sources folder /SeleniumFeatures/src
2023-11-22 14:33:12,628 [Worker-31: Enabling Maven Dependency Management] INFO  o.e.m.c.i.p.ProjectConfigurationManager - Update started
2023-11-22 14:33:12,886 [Worker-31: Enabling Maven Dependency Management] INFO  o.e.m.c.i.l.LifecycleMappingFactory - Using org.eclipse.m2e.jdt.JarLifecycleMapping lifecycle mapping for MavenProject: UdemyAutomation:SeleniumFeatures:0.0.1-SNAPSHOT @ C:\Users\y.bartash\eclipse-workspace\SeleniumFeatures\pom.xml.
2023-11-22 14:33:12,991 [Worker-31: Enabling Maven Dependency Management] INFO  o.e.m.j.i.AbstractJavaProjectConfigurator - Adding source folder /SeleniumFeatures/src
2023-11-22 14:33:12,991 [Worker-31: Enabling Maven Dependency Management] INFO  o.e.m.j.i.AbstractJavaProjectConfigurator - Resources folder /SeleniumFeatures/src/main/resources overlaps with sources folder /SeleniumFeatures/src
2023-11-22 14:33:12,991 [Worker-31: Enabling Maven Dependency Management] INFO  o.e.m.j.i.AbstractJavaProjectConfigurator - Not adding source folder /SeleniumFeatures/src/test/java because it overlaps with /SeleniumFeatures/src
2023-11-22 14:33:12,991 [Worker-31: Enabling Maven Dependency Management] INFO  o.e.m.j.i.AbstractJavaProjectConfigurator - Resources folder /SeleniumFeatures/src/test/resources overlaps with sources folder /SeleniumFeatures/src
2023-11-22 14:33:13,033 [Worker-31: Enabling Maven Dependency Management] INFO  o.e.m.c.i.p.ProjectConfigurationManager - Update completed for 1 poms: local refresh takes 0,00 sec, refresh facades takes 0,00 sec, update config takes 0,00 sec 
2023-11-22 14:33:13,148 [Worker-32: Building] WARN  o.a.m.s.f.DefaultMavenResourcesFiltering - Using platform encoding (Cp1252 actually) to copy filtered resources, i.e. build is platform dependent!
2023-11-22 14:33:13,149 [Worker-32: Building] INFO  o.a.m.s.f.DefaultMavenResourcesFiltering - skip non existing resourceDirectory C:\Users\y.bartash\eclipse-workspace\SeleniumFeatures\src\main\resources
2023-11-22 14:33:13,153 [Worker-32: Building] WARN  o.a.m.s.f.DefaultMavenResourcesFiltering - Using platform encoding (Cp1252 actually) to copy filtered resources, i.e. build is platform dependent!
2023-11-22 14:33:13,154 [Worker-32: Building] INFO  o.a.m.s.f.DefaultMavenResourcesFiltering - skip non existing resourceDirectory C:\Users\y.bartash\eclipse-workspace\SeleniumFeatures\src\test\resources
2023-11-22 14:33:38,640 [Worker-32: Building] INFO  o.e.m.c.i.l.LifecycleMappingFactory - Using org.eclipse.m2e.jdt.JarLifecycleMapping lifecycle mapping for MavenProject: UdemyAutomation:SeleniumFeatures:0.0.1-SNAPSHOT @ C:\Users\y.bartash\eclipse-workspace\SeleniumFeatures\pom.xml.
2023-11-22 14:33:38,817 [Worker-32: Building] WARN  o.a.m.s.f.DefaultMavenResourcesFiltering - Using platform encoding (Cp1252 actually) to copy filtered resources, i.e. build is platform dependent!
2023-11-22 14:33:38,818 [Worker-32: Building] INFO  o.a.m.s.f.DefaultMavenResourcesFiltering - skip non existing resourceDirectory C:\Users\y.bartash\eclipse-workspace\SeleniumFeatures\src\main\resources
2023-11-22 14:33:38,820 [Worker-32: Building] WARN  o.a.m.s.f.DefaultMavenResourcesFiltering - Using platform encoding (Cp1252 actually) to copy filtered resources, i.e. build is platform dependent!
2023-11-22 14:33:38,820 [Worker-32: Building] INFO  o.a.m.s.f.DefaultMavenResourcesFiltering - skip non existing resourceDirectory C:\Users\y.bartash\eclipse-workspace\SeleniumFeatures\src\test\resources
2023-11-22 14:34:17,904 [Worker-32: Building] WARN  o.a.m.s.f.DefaultMavenResourcesFiltering - Using platform encoding (Cp1252 actually) to copy filtered resources, i.e. build is platform dependent!
2023-11-22 14:34:17,905 [Worker-32: Building] INFO  o.a.m.s.f.DefaultMavenResourcesFiltering - skip non existing resourceDirectory C:\Users\y.bartash\eclipse-workspace\SeleniumFeatures\src\main\resources
2023-11-22 14:34:17,906 [Worker-32: Building] WARN  o.a.m.s.f.DefaultMavenResourcesFiltering - Using platform encoding (Cp1252 actually) to copy filtered resources, i.e. build is platform dependent!
2023-11-22 14:34:17,907 [Worker-32: Building] INFO  o.a.m.s.f.DefaultMavenResourcesFiltering - skip non existing resourceDirectory C:\Users\y.bartash\eclipse-workspace\SeleniumFeatures\src\test\resources
2023-11-22 14:50:15,684 [Worker-22: Building] WARN  o.a.m.s.f.DefaultMavenResourcesFiltering - Using platform encoding (Cp1252 actually) to copy filtered resources, i.e. build is platform dependent!
2023-11-22 14:50:15,684 [Worker-22: Building] INFO  o.a.m.s.f.DefaultMavenResourcesFiltering - skip non existing resourceDirectory C:\Users\y.bartash\eclipse-workspace\SeleniumFeatures\src\main\resources
2023-11-22 14:50:15,685 [Worker-22: Building] WARN  o.a.m.s.f.DefaultMavenResourcesFiltering - Using platform encoding (Cp1252 actually) to copy filtered resources, i.e. build is platform dependent!
2023-11-22 14:50:15,686 [Worker-22: Building] INFO  o.a.m.s.f.DefaultMavenResourcesFiltering - skip non existing resourceDirectory C:\Users\y.bartash\eclipse-workspace\SeleniumFeatures\src\test\resources
2023-11-22 14:50:27,365 [Worker-0: Loading available Gradle versions] INFO  o.e.b.c.i.u.g.PublishedGradleVersions - Gradle version information cache is up-to-date. Trying to read.
2023-11-22 14:50:29,274 [Worker-4: Updating Maven Dependencies] INFO  o.e.m.c.i.l.LifecycleMappingFactory - Using org.eclipse.m2e.jdt.JarLifecycleMapping lifecycle mapping for MavenProject: udemyautomationjava:seleniumFramework:0.0.1-SNAPSHOT @ C:\Users\y.bartash\eclipse-workspace\seleniumFramework\pom.xml.
2023-11-22 14:50:29,717 [Worker-4: Updating Maven Dependencies] INFO  o.e.m.c.i.l.LifecycleMappingFactory - Using org.eclipse.m2e.jdt.JarLifecycleMapping lifecycle mapping for MavenProject: UdemyAutomation:ExelDataDrivenImplemintation:0.0.1-SNAPSHOT @ C:\Users\y.bartash\eclipse-workspace\ExelDataDrivenImplemintation\pom.xml.
2023-11-22 14:50:29,935 [Worker-4: Updating Maven Dependencies] INFO  o.e.m.c.i.l.LifecycleMappingFactory - Using org.eclipse.m2e.jdt.JarLifecycleMapping lifecycle mapping for MavenProject: UdemyAutomation:SeleniumFeatures:0.0.1-SNAPSHOT @ C:\Users\y.bartash\eclipse-workspace\SeleniumFeatures\pom.xml.
2023-11-22 15:40:53,993 [Worker-26: Launching MobileEmulatorTest] WARN  o.a.m.s.f.DefaultMavenResourcesFiltering - Using platform encoding (Cp1252 actually) to copy filtered resources, i.e. build is platform dependent!
2023-11-22 15:40:53,995 [Worker-26: Launching MobileEmulatorTest] INFO  o.a.m.s.f.DefaultMavenResourcesFiltering - skip non existing resourceDirectory C:\Users\y.bartash\eclipse-workspace\SeleniumFeatures\src\main\resources
2023-11-22 15:40:53,999 [Worker-26: Launching MobileEmulatorTest] WARN  o.a.m.s.f.DefaultMavenResourcesFiltering - Using platform encoding (Cp1252 actually) to copy filtered resources, i.e. build is platform dependent!
2023-11-22 15:40:54,000 [Worker-26: Launching MobileEmulatorTest] INFO  o.a.m.s.f.DefaultMavenResourcesFiltering - skip non existing resourceDirectory C:\Users\y.bartash\eclipse-workspace\SeleniumFeatures\src\test\resources
2023-11-22 15:44:19,751 [Worker-32: Launching MobileEmulatorTest] WARN  o.a.m.s.f.DefaultMavenResourcesFiltering - Using platform encoding (Cp1252 actually) to copy filtered resources, i.e. build is platform dependent!
2023-11-22 15:44:19,753 [Worker-32: Launching MobileEmulatorTest] INFO  o.a.m.s.f.DefaultMavenResourcesFiltering - skip non existing resourceDirectory C:\Users\y.bartash\eclipse-workspace\SeleniumFeatures\src\main\resources
2023-11-22 15:44:19,755 [Worker-32: Launching MobileEmulatorTest] WARN  o.a.m.s.f.DefaultMavenResourcesFiltering - Using platform encoding (Cp1252 actually) to copy filtered resources, i.e. build is platform dependent!
2023-11-22 15:44:19,755 [Worker-32: Launching MobileEmulatorTest] INFO  o.a.m.s.f.DefaultMavenResourcesFiltering - skip non existing resourceDirectory C:\Users\y.bartash\eclipse-workspace\SeleniumFeatures\src\test\resources
2023-11-22 15:48:21,646 [Worker-36: Launching MobileEmulatorTest] WARN  o.a.m.s.f.DefaultMavenResourcesFiltering - Using platform encoding (Cp1252 actually) to copy filtered resources, i.e. build is platform dependent!
2023-11-22 15:48:21,648 [Worker-36: Launching MobileEmulatorTest] INFO  o.a.m.s.f.DefaultMavenResourcesFiltering - skip non existing resourceDirectory C:\Users\y.bartash\eclipse-workspace\SeleniumFeatures\src\main\resources
2023-11-22 15:48:21,651 [Worker-36: Launching MobileEmulatorTest] WARN  o.a.m.s.f.DefaultMavenResourcesFiltering - Using platform encoding (Cp1252 actually) to copy filtered resources, i.e. build is platform dependent!
2023-11-22 15:48:21,652 [Worker-36: Launching MobileEmulatorTest] INFO  o.a.m.s.f.DefaultMavenResourcesFiltering - skip non existing resourceDirectory C:\Users\y.bartash\eclipse-workspace\SeleniumFeatures\src\test\resources
2023-11-22 15:56:05,465 [Worker-32: Launching MobileEmulatorTest] WARN  o.a.m.s.f.DefaultMavenResourcesFiltering - Using platform encoding (Cp1252 actually) to copy filtered resources, i.e. build is platform dependent!
2023-11-22 15:56:05,466 [Worker-32: Launching MobileEmulatorTest] INFO  o.a.m.s.f.DefaultMavenResourcesFiltering - skip non existing resourceDirectory C:\Users\y.bartash\eclipse-workspace\SeleniumFeatures\src\main\resources
2023-11-22 15:56:05,468 [Worker-32: Launching MobileEmulatorTest] WARN  o.a.m.s.f.DefaultMavenResourcesFiltering - Using platform encoding (Cp1252 actually) to copy filtered resources, i.e. build is platform dependent!
2023-11-22 15:56:05,469 [Worker-32: Launching MobileEmulatorTest] INFO  o.a.m.s.f.DefaultMavenResourcesFiltering - skip non existing resourceDirectory C:\Users\y.bartash\eclipse-workspace\SeleniumFeatures\src\test\resources
2023-11-22 16:01:39,752 [Worker-39: Building] WARN  o.a.m.s.f.DefaultMavenResourcesFiltering - Using platform encoding (Cp1252 actually) to copy filtered resources, i.e. build is platform dependent!
2023-11-22 16:01:39,753 [Worker-39: Building] INFO  o.a.m.s.f.DefaultMavenResourcesFiltering - skip non existing resourceDirectory C:\Users\y.bartash\eclipse-workspace\SeleniumFeatures\src\main\resources
2023-11-22 16:01:39,756 [Worker-39: Building] WARN  o.a.m.s.f.DefaultMavenResourcesFiltering - Using platform encoding (Cp1252 actually) to copy filtered resources, i.e. build is platform dependent!
2023-11-22 16:01:39,758 [Worker-39: Building] INFO  o.a.m.s.f.DefaultMavenResourcesFiltering - skip non existing resourceDirectory C:\Users\y.bartash\eclipse-workspace\SeleniumFeatures\src\test\resources
2023-11-22 16:08:38,327 [Worker-38: Launching CDPCommandsTest] WARN  o.a.m.s.f.DefaultMavenResourcesFiltering - Using platform encoding (Cp1252 actually) to copy filtered resources, i.e. build is platform dependent!
2023-11-22 16:08:38,328 [Worker-38: Launching CDPCommandsTest] INFO  o.a.m.s.f.DefaultMavenResourcesFiltering - skip non existing resourceDirectory C:\Users\y.bartash\eclipse-workspace\SeleniumFeatures\src\main\resources
2023-11-22 16:08:38,330 [Worker-38: Launching CDPCommandsTest] WARN  o.a.m.s.f.DefaultMavenResourcesFiltering - Using platform encoding (Cp1252 actually) to copy filtered resources, i.e. build is platform dependent!
2023-11-22 16:08:38,331 [Worker-38: Launching CDPCommandsTest] INFO  o.a.m.s.f.DefaultMavenResourcesFiltering - skip non existing resourceDirectory C:\Users\y.bartash\eclipse-workspace\SeleniumFeatures\src\test\resources
2023-11-22 16:13:46,168 [Worker-38: Building] WARN  o.a.m.s.f.DefaultMavenResourcesFiltering - Using platform encoding (Cp1252 actually) to copy filtered resources, i.e. build is platform dependent!
2023-11-22 16:13:46,169 [Worker-38: Building] INFO  o.a.m.s.f.DefaultMavenResourcesFiltering - skip non existing resourceDirectory C:\Users\y.bartash\eclipse-workspace\SeleniumFeatures\src\main\resources
2023-11-22 16:13:46,171 [Worker-38: Building] WARN  o.a.m.s.f.DefaultMavenResourcesFiltering - Using platform encoding (Cp1252 actually) to copy filtered resources, i.e. build is platform dependent!
2023-11-22 16:13:46,171 [Worker-38: Building] INFO  o.a.m.s.f.DefaultMavenResourcesFiltering - skip non existing resourceDirectory C:\Users\y.bartash\eclipse-workspace\SeleniumFeatures\src\test\resources
2023-11-22 16:29:07,342 [Worker-34: Launching GeolocationEmulation] WARN  o.a.m.s.f.DefaultMavenResourcesFiltering - Using platform encoding (Cp1252 actually) to copy filtered resources, i.e. build is platform dependent!
2023-11-22 16:29:07,344 [Worker-34: Launching GeolocationEmulation] INFO  o.a.m.s.f.DefaultMavenResourcesFiltering - skip non existing resourceDirectory C:\Users\y.bartash\eclipse-workspace\SeleniumFeatures\src\main\resources
2023-11-22 16:29:07,346 [Worker-34: Launching GeolocationEmulation] WARN  o.a.m.s.f.DefaultMavenResourcesFiltering - Using platform encoding (Cp1252 actually) to copy filtered resources, i.e. build is platform dependent!
2023-11-22 16:29:07,347 [Worker-34: Launching GeolocationEmulation] INFO  o.a.m.s.f.DefaultMavenResourcesFiltering - skip non existing resourceDirectory C:\Users\y.bartash\eclipse-workspace\SeleniumFeatures\src\test\resources
2023-11-22 16:39:03,085 [Worker-38: Launching GeolocationEmulation] WARN  o.a.m.s.f.DefaultMavenResourcesFiltering - Using platform encoding (Cp1252 actually) to copy filtered resources, i.e. build is platform dependent!
2023-11-22 16:39:03,086 [Worker-38: Launching GeolocationEmulation] INFO  o.a.m.s.f.DefaultMavenResourcesFiltering - skip non existing resourceDirectory C:\Users\y.bartash\eclipse-workspace\SeleniumFeatures\src\main\resources
2023-11-22 16:39:03,088 [Worker-38: Launching GeolocationEmulation] WARN  o.a.m.s.f.DefaultMavenResourcesFiltering - Using platform encoding (Cp1252 actually) to copy filtered resources, i.e. build is platform dependent!
2023-11-22 16:39:03,089 [Worker-38: Launching GeolocationEmulation] INFO  o.a.m.s.f.DefaultMavenResourcesFiltering - skip non existing resourceDirectory C:\Users\y.bartash\eclipse-workspace\SeleniumFeatures\src\test\resources
2023-11-22 16:41:51,134 [Worker-43: Launching GeolocationEmulation] WARN  o.a.m.s.f.DefaultMavenResourcesFiltering - Using platform encoding (Cp1252 actually) to copy filtered resources, i.e. build is platform dependent!
2023-11-22 16:41:51,135 [Worker-43: Launching GeolocationEmulation] INFO  o.a.m.s.f.DefaultMavenResourcesFiltering - skip non existing resourceDirectory C:\Users\y.bartash\eclipse-workspace\SeleniumFeatures\src\main\resources
2023-11-22 16:41:51,136 [Worker-43: Launching GeolocationEmulation] WARN  o.a.m.s.f.DefaultMavenResourcesFiltering - Using platform encoding (Cp1252 actually) to copy filtered resources, i.e. build is platform dependent!
2023-11-22 16:41:51,137 [Worker-43: Launching GeolocationEmulation] INFO  o.a.m.s.f.DefaultMavenResourcesFiltering - skip non existing resourceDirectory C:\Users\y.bartash\eclipse-workspace\SeleniumFeatures\src\test\resources
2023-11-22 16:42:21,678 [Worker-42: Launching GeolocationEmulation] WARN  o.a.m.s.f.DefaultMavenResourcesFiltering - Using platform encoding (Cp1252 actually) to copy filtered resources, i.e. build is platform dependent!
2023-11-22 16:42:21,679 [Worker-42: Launching GeolocationEmulation] INFO  o.a.m.s.f.DefaultMavenResourcesFiltering - skip non existing resourceDirectory C:\Users\y.bartash\eclipse-workspace\SeleniumFeatures\src\main\resources
2023-11-22 16:42:21,680 [Worker-42: Launching GeolocationEmulation] WARN  o.a.m.s.f.DefaultMavenResourcesFiltering - Using platform encoding (Cp1252 actually) to copy filtered resources, i.e. build is platform dependent!
2023-11-22 16:42:21,681 [Worker-42: Launching GeolocationEmulation] INFO  o.a.m.s.f.DefaultMavenResourcesFiltering - skip non existing resourceDirectory C:\Users\y.bartash\eclipse-workspace\SeleniumFeatures\src\test\resources
2023-11-22 16:44:14,311 [Worker-47: Launching GeolocationEmulation] WARN  o.a.m.s.f.DefaultMavenResourcesFiltering - Using platform encoding (Cp1252 actually) to copy filtered resources, i.e. build is platform dependent!
2023-11-22 16:44:14,312 [Worker-47: Launching GeolocationEmulation] INFO  o.a.m.s.f.DefaultMavenResourcesFiltering - skip non existing resourceDirectory C:\Users\y.bartash\eclipse-workspace\SeleniumFeatures\src\main\resources
2023-11-22 16:44:14,314 [Worker-47: Launching GeolocationEmulation] WARN  o.a.m.s.f.DefaultMavenResourcesFiltering - Using platform encoding (Cp1252 actually) to copy filtered resources, i.e. build is platform dependent!
2023-11-22 16:44:14,315 [Worker-47: Launching GeolocationEmulation] INFO  o.a.m.s.f.DefaultMavenResourcesFiltering - skip non existing resourceDirectory C:\Users\y.bartash\eclipse-workspace\SeleniumFeatures\src\test\resources
2023-11-22 16:48:47,641 [Worker-48: Launching GeolocationEmulation] WARN  o.a.m.s.f.DefaultMavenResourcesFiltering - Using platform encoding (Cp1252 actually) to copy filtered resources, i.e. build is platform dependent!
2023-11-22 16:48:47,642 [Worker-48: Launching GeolocationEmulation] INFO  o.a.m.s.f.DefaultMavenResourcesFiltering - skip non existing resourceDirectory C:\Users\y.bartash\eclipse-workspace\SeleniumFeatures\src\main\resources
2023-11-22 16:48:47,644 [Worker-48: Launching GeolocationEmulation] WARN  o.a.m.s.f.DefaultMavenResourcesFiltering - Using platform encoding (Cp1252 actually) to copy filtered resources, i.e. build is platform dependent!
2023-11-22 16:48:47,645 [Worker-48: Launching GeolocationEmulation] INFO  o.a.m.s.f.DefaultMavenResourcesFiltering - skip non existing resourceDirectory C:\Users\y.bartash\eclipse-workspace\SeleniumFeatures\src\test\resources
2023-11-22 16:54:46,962 [Worker-42: Launching GeolocationEmulation] WARN  o.a.m.s.f.DefaultMavenResourcesFiltering - Using platform encoding (Cp1252 actually) to copy filtered resources, i.e. build is platform dependent!
2023-11-22 16:54:46,963 [Worker-42: Launching GeolocationEmulation] INFO  o.a.m.s.f.DefaultMavenResourcesFiltering - skip non existing resourceDirectory C:\Users\y.bartash\eclipse-workspace\SeleniumFeatures\src\main\resources
2023-11-22 16:54:46,965 [Worker-42: Launching GeolocationEmulation] WARN  o.a.m.s.f.DefaultMavenResourcesFiltering - Using platform encoding (Cp1252 actually) to copy filtered resources, i.e. build is platform dependent!
2023-11-22 16:54:46,979 [Worker-42: Launching GeolocationEmulation] INFO  o.a.m.s.f.DefaultMavenResourcesFiltering - skip non existing resourceDirectory C:\Users\y.bartash\eclipse-workspace\SeleniumFeatures\src\test\resources
2023-11-22 17:08:25,307 [Worker-50: Building] WARN  o.a.m.s.f.DefaultMavenResourcesFiltering - Using platform encoding (Cp1252 actually) to copy filtered resources, i.e. build is platform dependent!
2023-11-22 17:08:25,308 [Worker-50: Building] INFO  o.a.m.s.f.DefaultMavenResourcesFiltering - skip non existing resourceDirectory C:\Users\y.bartash\eclipse-workspace\SeleniumFeatures\src\main\resources
2023-11-22 17:08:25,312 [Worker-50: Building] WARN  o.a.m.s.f.DefaultMavenResourcesFiltering - Using platform encoding (Cp1252 actually) to copy filtered resources, i.e. build is platform dependent!
2023-11-22 17:08:25,314 [Worker-50: Building] INFO  o.a.m.s.f.DefaultMavenResourcesFiltering - skip non existing resourceDirectory C:\Users\y.bartash\eclipse-workspace\SeleniumFeatures\src\test\resources
2023-11-22 17:49:39,524 [Worker-53: Launching NetworkActivity] WARN  o.a.m.s.f.DefaultMavenResourcesFiltering - Using platform encoding (Cp1252 actually) to copy filtered resources, i.e. build is platform dependent!
2023-11-22 17:49:39,536 [Worker-53: Launching NetworkActivity] INFO  o.a.m.s.f.DefaultMavenResourcesFiltering - skip non existing resourceDirectory C:\Users\y.bartash\eclipse-workspace\SeleniumFeatures\src\main\resources
2023-11-22 17:49:39,541 [Worker-53: Launching NetworkActivity] WARN  o.a.m.s.f.DefaultMavenResourcesFiltering - Using platform encoding (Cp1252 actually) to copy filtered resources, i.e. build is platform dependent!
2023-11-22 17:49:39,543 [Worker-53: Launching NetworkActivity] INFO  o.a.m.s.f.DefaultMavenResourcesFiltering - skip non existing resourceDirectory C:\Users\y.bartash\eclipse-workspace\SeleniumFeatures\src\test\resources
2023-11-22 17:50:06,749 [Worker-53: Launching NetworkActivity] WARN  o.a.m.s.f.DefaultMavenResourcesFiltering - Using platform encoding (Cp1252 actually) to copy filtered resources, i.e. build is platform dependent!
2023-11-22 17:50:06,750 [Worker-53: Launching NetworkActivity] INFO  o.a.m.s.f.DefaultMavenResourcesFiltering - skip non existing resourceDirectory C:\Users\y.bartash\eclipse-workspace\SeleniumFeatures\src\main\resources
2023-11-22 17:50:06,752 [Worker-53: Launching NetworkActivity] WARN  o.a.m.s.f.DefaultMavenResourcesFiltering - Using platform encoding (Cp1252 actually) to copy filtered resources, i.e. build is platform dependent!
2023-11-22 17:50:06,753 [Worker-53: Launching NetworkActivity] INFO  o.a.m.s.f.DefaultMavenResourcesFiltering - skip non existing resourceDirectory C:\Users\y.bartash\eclipse-workspace\SeleniumFeatures\src\test\resources
2023-11-22 17:53:59,374 [Worker-57: Launching NetworkActivity] WARN  o.a.m.s.f.DefaultMavenResourcesFiltering - Using platform encoding (Cp1252 actually) to copy filtered resources, i.e. build is platform dependent!
2023-11-22 17:53:59,375 [Worker-57: Launching NetworkActivity] INFO  o.a.m.s.f.DefaultMavenResourcesFiltering - skip non existing resourceDirectory C:\Users\y.bartash\eclipse-workspace\SeleniumFeatures\src\main\resources
2023-11-22 17:53:59,377 [Worker-57: Launching NetworkActivity] WARN  o.a.m.s.f.DefaultMavenResourcesFiltering - Using platform encoding (Cp1252 actually) to copy filtered resources, i.e. build is platform dependent!
2023-11-22 17:53:59,378 [Worker-57: Launching NetworkActivity] INFO  o.a.m.s.f.DefaultMavenResourcesFiltering - skip non existing resourceDirectory C:\Users\y.bartash\eclipse-workspace\SeleniumFeatures\src\test\resources
2023-11-22 18:05:10,099 [Worker-59: Building] WARN  o.a.m.s.f.DefaultMavenResourcesFiltering - Using platform encoding (Cp1252 actually) to copy filtered resources, i.e. build is platform dependent!
2023-11-22 18:05:10,100 [Worker-59: Building] INFO  o.a.m.s.f.DefaultMavenResourcesFiltering - skip non existing resourceDirectory C:\Users\y.bartash\eclipse-workspace\SeleniumFeatures\src\main\resources
2023-11-22 18:05:10,103 [Worker-59: Building] WARN  o.a.m.s.f.DefaultMavenResourcesFiltering - Using platform encoding (Cp1252 actually) to copy filtered resources, i.e. build is platform dependent!
2023-11-22 18:05:10,105 [Worker-59: Building] INFO  o.a.m.s.f.DefaultMavenResourcesFiltering - skip non existing resourceDirectory C:\Users\y.bartash\eclipse-workspace\SeleniumFeatures\src\test\resources
2023-11-22 18:09:54,410 [Worker-50: Building] WARN  o.a.m.s.f.DefaultMavenResourcesFiltering - Using platform encoding (Cp1252 actually) to copy filtered resources, i.e. build is platform dependent!
2023-11-22 18:09:54,411 [Worker-50: Building] INFO  o.a.m.s.f.DefaultMavenResourcesFiltering - skip non existing resourceDirectory C:\Users\y.bartash\eclipse-workspace\SeleniumFeatures\src\main\resources
2023-11-22 18:09:54,413 [Worker-50: Building] WARN  o.a.m.s.f.DefaultMavenResourcesFiltering - Using platform encoding (Cp1252 actually) to copy filtered resources, i.e. build is platform dependent!
2023-11-22 18:09:54,414 [Worker-50: Building] INFO  o.a.m.s.f.DefaultMavenResourcesFiltering - skip non existing resourceDirectory C:\Users\y.bartash\eclipse-workspace\SeleniumFeatures\src\test\resources
2023-11-24 10:11:14,469 [Worker-0: Loading available Gradle versions] INFO  o.e.b.c.i.u.g.PublishedGradleVersions - Gradle version information cache is out-of-date. Trying to update.
2023-11-24 10:11:18,072 [Worker-1: Building] INFO  o.e.m.c.i.l.LifecycleMappingFactory - Using org.eclipse.m2e.jdt.JarLifecycleMapping lifecycle mapping for MavenProject: UdemyAutomation:SeleniumFeatures:0.0.1-SNAPSHOT @ C:\Users\y.bartash\eclipse-workspace\SeleniumFeatures\pom.xml.
2023-11-24 10:11:19,324 [Worker-1: Building] WARN  o.a.m.s.f.DefaultMavenResourcesFiltering - Using platform encoding (Cp1252 actually) to copy filtered resources, i.e. build is platform dependent!
2023-11-24 10:11:19,327 [Worker-1: Building] INFO  o.a.m.s.f.DefaultMavenResourcesFiltering - skip non existing resourceDirectory C:\Users\y.bartash\eclipse-workspace\SeleniumFeatures\src\main\resources
2023-11-24 10:11:19,338 [Worker-1: Building] WARN  o.a.m.s.f.DefaultMavenResourcesFiltering - Using platform encoding (Cp1252 actually) to copy filtered resources, i.e. build is platform dependent!
2023-11-24 10:11:19,339 [Worker-1: Building] INFO  o.a.m.s.f.DefaultMavenResourcesFiltering - skip non existing resourceDirectory C:\Users\y.bartash\eclipse-workspace\SeleniumFeatures\src\test\resources
2023-11-24 10:26:23,105 [Worker-10: Building] INFO  o.e.m.c.i.e.AbstractTransferListenerAdapter - Downloading https://repo.maven.apache.org/maven2/io/cucumber/messages/maven-metadata.xml
2023-11-24 10:26:23,175 [Worker-10: Building] INFO  o.e.m.c.i.e.AbstractTransferListenerAdapter - Downloaded https://repo.maven.apache.org/maven2/io/cucumber/messages/maven-metadata.xml
2023-11-24 10:26:23,775 [Worker-10: Building] INFO  o.e.m.c.i.embedder.EclipseLogger - Using 'UTF-8' encoding to copy filtered resources.
2023-11-24 10:26:23,775 [Worker-10: Building] INFO  o.e.m.c.i.embedder.EclipseLogger - skip non existing resourceDirectory C:\Users\y.bartash\eclipse-workspace\seleniumFramework\src\main\resources
2023-11-24 10:26:23,778 [Worker-10: Building] INFO  o.e.m.c.i.embedder.EclipseLogger - Using 'UTF-8' encoding to copy filtered resources.
2023-11-24 10:26:23,778 [Worker-10: Building] INFO  o.e.m.c.i.embedder.EclipseLogger - skip non existing resourceDirectory C:\Users\y.bartash\eclipse-workspace\seleniumFramework\src\test\resources
2023-11-24 17:38:08,358 [Worker-1: Loading available Gradle versions] INFO  o.e.b.c.i.u.g.PublishedGradleVersions - Gradle version information cache is up-to-date. Trying to read.
2023-11-24 17:38:08,472 [Worker-3: Executing the early startup extensions] INFO  c.b.BrowserStackPluginActivator - Starting BrowserStack Plugin...
2023-11-24 17:38:11,242 [Worker-3: Building] INFO  o.e.m.c.i.l.LifecycleMappingFactory - Using org.eclipse.m2e.jdt.JarLifecycleMapping lifecycle mapping for MavenProject: JavaAutomation:CrossBrowserTesting:0.0.1-SNAPSHOT @ C:\Users\y.bartash\eclipse-workspace\CrossBrowserTesting\pom.xml.
2023-11-24 17:38:13,330 [Worker-3: Building] WARN  o.a.m.s.f.DefaultMavenResourcesFiltering - Using platform encoding (Cp1252 actually) to copy filtered resources, i.e. build is platform dependent!
2023-11-24 17:38:13,332 [Worker-3: Building] INFO  o.a.m.s.f.DefaultMavenResourcesFiltering - skip non existing resourceDirectory C:\Users\y.bartash\eclipse-workspace\CrossBrowserTesting\src\main\resources
2023-11-24 17:38:13,335 [Worker-3: Building] WARN  o.a.m.s.f.DefaultMavenResourcesFiltering - Using platform encoding (Cp1252 actually) to copy filtered resources, i.e. build is platform dependent!
2023-11-24 17:38:13,336 [Worker-3: Building] INFO  o.a.m.s.f.DefaultMavenResourcesFiltering - skip non existing resourceDirectory C:\Users\y.bartash\eclipse-workspace\CrossBrowserTesting\src\test\resources
2023-11-24 17:38:13,601 [Worker-3: Building] WARN  o.a.m.s.f.DefaultMavenResourcesFiltering - Using platform encoding (Cp1252 actually) to copy filtered resources, i.e. build is platform dependent!
2023-11-24 17:38:13,602 [Worker-3: Building] INFO  o.a.m.s.f.DefaultMavenResourcesFiltering - skip non existing resourceDirectory C:\Users\y.bartash\eclipse-workspace\SeleniumFeatures\src\main\resources
2023-11-24 17:38:13,605 [Worker-3: Building] WARN  o.a.m.s.f.DefaultMavenResourcesFiltering - Using platform encoding (Cp1252 actually) to copy filtered resources, i.e. build is platform dependent!
2023-11-24 17:38:13,607 [Worker-3: Building] INFO  o.a.m.s.f.DefaultMavenResourcesFiltering - skip non existing resourceDirectory C:\Users\y.bartash\eclipse-workspace\SeleniumFeatures\src\test\resources
2023-11-24 17:38:14,383 [Worker-3: Building] INFO  o.a.m.s.f.DefaultMavenResourcesFiltering - skip non existing resourceDirectory D:\AutomationJava\testng-browserstack-master\src\main\resources
2023-11-24 17:38:14,385 [Worker-3: Building] INFO  o.a.m.s.f.DefaultMavenResourcesFiltering - skip non existing resourceDirectory D:\AutomationJava\testng-browserstack-master\src\test\resources
2023-11-24 17:39:44,263 [Worker-2: Building] WARN  o.a.m.s.f.DefaultMavenResourcesFiltering - Using platform encoding (Cp1252 actually) to copy filtered resources, i.e. build is platform dependent!
2023-11-24 17:39:44,264 [Worker-2: Building] INFO  o.a.m.s.f.DefaultMavenResourcesFiltering - skip non existing resourceDirectory C:\Users\y.bartash\eclipse-workspace\CrossBrowserTesting\src\main\resources
2023-11-24 17:39:44,266 [Worker-2: Building] WARN  o.a.m.s.f.DefaultMavenResourcesFiltering - Using platform encoding (Cp1252 actually) to copy filtered resources, i.e. build is platform dependent!
2023-11-24 17:39:44,266 [Worker-2: Building] INFO  o.a.m.s.f.DefaultMavenResourcesFiltering - skip non existing resourceDirectory C:\Users\y.bartash\eclipse-workspace\CrossBrowserTesting\src\test\resources
2023-11-24 17:46:50,462 [Worker-11: Update Maven projects configuration] INFO  o.e.m.c.i.p.ProjectConfigurationManager - Update started
2023-11-24 17:46:50,559 [Worker-11: Update Maven projects configuration] INFO  o.e.m.c.i.l.LifecycleMappingFactory - Using org.eclipse.m2e.jdt.JarLifecycleMapping lifecycle mapping for MavenProject: UdemyAutomation:SeleniumFeatures2:0.0.1-SNAPSHOT @ C:\Users\y.bartash\eclipse-workspace\SeleniumFeatures2\target\classes\META-INF\maven\UdemyAutomation\SeleniumFeatures2\pom.xml.
2023-11-24 17:46:51,104 [Worker-11: Update Maven projects configuration] INFO  o.e.m.j.i.AbstractJavaProjectConfigurator - Adding source folder /SeleniumFeatures2/src
2023-11-24 17:46:51,104 [Worker-11: Update Maven projects configuration] INFO  o.e.m.j.i.AbstractJavaProjectConfigurator - Resources folder /SeleniumFeatures2/src/main/resources overlaps with sources folder /SeleniumFeatures2/src
2023-11-24 17:46:51,105 [Worker-11: Update Maven projects configuration] INFO  o.e.m.j.i.AbstractJavaProjectConfigurator - Not adding source folder /SeleniumFeatures2/src/test/java because it overlaps with /SeleniumFeatures2/src
2023-11-24 17:46:51,106 [Worker-11: Update Maven projects configuration] INFO  o.e.m.j.i.AbstractJavaProjectConfigurator - Resources folder /SeleniumFeatures2/src/test/resources overlaps with sources folder /SeleniumFeatures2/src
2023-11-24 17:46:51,493 [Worker-11: Update Maven projects configuration] INFO  o.e.m.c.i.p.ProjectConfigurationManager - Update completed for 1 poms: local refresh takes 0,00 sec, refresh facades takes 0,00 sec, update config takes 0,00 sec 
2023-11-24 17:46:51,846 [Worker-32: Building] INFO  o.e.m.c.i.l.LifecycleMappingFactory - Using org.eclipse.m2e.jdt.JarLifecycleMapping lifecycle mapping for MavenProject: UdemyAutomation:ExelDataDriven:0.0.1-SNAPSHOT @ C:\Users\y.bartash\eclipse-workspace\ExelDataDriven\pom.xml.
2023-11-24 17:46:52,546 [Worker-32: Building] WARN  o.a.m.s.f.DefaultMavenResourcesFiltering - Using platform encoding (Cp1252 actually) to copy filtered resources, i.e. build is platform dependent!
2023-11-24 17:46:52,547 [Worker-32: Building] INFO  o.a.m.s.f.DefaultMavenResourcesFiltering - skip non existing resourceDirectory C:\Users\y.bartash\eclipse-workspace\ExelDataDriven\src\main\resources
2023-11-24 17:46:52,550 [Worker-32: Building] WARN  o.a.m.s.f.DefaultMavenResourcesFiltering - Using platform encoding (Cp1252 actually) to copy filtered resources, i.e. build is platform dependent!
2023-11-24 17:46:52,551 [Worker-32: Building] INFO  o.a.m.s.f.DefaultMavenResourcesFiltering - skip non existing resourceDirectory C:\Users\y.bartash\eclipse-workspace\ExelDataDriven\src\test\resources
2023-11-24 17:46:52,871 [Worker-31: Building] WARN  o.a.m.s.f.DefaultMavenResourcesFiltering - Using platform encoding (Cp1252 actually) to copy filtered resources, i.e. build is platform dependent!
2023-11-24 17:46:52,872 [Worker-31: Building] INFO  o.a.m.s.f.DefaultMavenResourcesFiltering - skip non existing resourceDirectory C:\Users\y.bartash\eclipse-workspace\SeleniumFeatures2\target\classes\META-INF\maven\UdemyAutomation\SeleniumFeatures2\src\main\resources
2023-11-24 17:46:52,875 [Worker-31: Building] WARN  o.a.m.s.f.DefaultMavenResourcesFiltering - Using platform encoding (Cp1252 actually) to copy filtered resources, i.e. build is platform dependent!
2023-11-24 17:46:52,875 [Worker-31: Building] INFO  o.a.m.s.f.DefaultMavenResourcesFiltering - skip non existing resourceDirectory C:\Users\y.bartash\eclipse-workspace\SeleniumFeatures2\target\classes\META-INF\maven\UdemyAutomation\SeleniumFeatures2\src\test\resources
2023-11-24 17:46:53,302 [Worker-31: Building] INFO  o.e.m.c.i.l.LifecycleMappingFactory - Using org.eclipse.m2e.jdt.JarLifecycleMapping lifecycle mapping for MavenProject: udemyautomationjava:SeleniumFrameworkDesign:0.0.1-SNAPSHOT @ C:\Users\y.bartash\eclipse-workspace\SeleniumFrameworkDesign\pom.xml.
2023-11-24 17:46:53,623 [Worker-31: Building] INFO  o.e.m.c.i.embedder.EclipseLogger - Using 'UTF-8' encoding to copy filtered resources.
2023-11-24 17:46:53,623 [Worker-31: Building] INFO  o.e.m.c.i.embedder.EclipseLogger - skip non existing resourceDirectory C:\Users\y.bartash\eclipse-workspace\SeleniumFrameworkDesign\src\main\resources
2023-11-24 17:46:53,626 [Worker-31: Building] INFO  o.e.m.c.i.embedder.EclipseLogger - Using 'UTF-8' encoding to copy filtered resources.
2023-11-24 17:46:53,626 [Worker-31: Building] INFO  o.e.m.c.i.embedder.EclipseLogger - skip non existing resourceDirectory C:\Users\y.bartash\eclipse-workspace\SeleniumFrameworkDesign\src\test\resources
2023-11-24 17:46:53,878 [Worker-31: Building] INFO  o.e.m.c.i.l.LifecycleMappingFactory - Using org.eclipse.m2e.jdt.JarLifecycleMapping lifecycle mapping for MavenProject: UdemyCours:SeleniumJava:0.0.1-SNAPSHOT @ C:\Users\y.bartash\eclipse-workspace\SeleniumJava\pom.xml.
2023-11-24 17:46:54,746 [Worker-31: Building] WARN  o.a.m.s.f.DefaultMavenResourcesFiltering - Using platform encoding (Cp1252 actually) to copy filtered resources, i.e. build is platform dependent!
2023-11-24 17:46:54,746 [Worker-31: Building] INFO  o.a.m.s.f.DefaultMavenResourcesFiltering - skip non existing resourceDirectory C:\Users\y.bartash\eclipse-workspace\SeleniumJava\src\main\resources
2023-11-24 17:46:54,749 [Worker-31: Building] WARN  o.a.m.s.f.DefaultMavenResourcesFiltering - Using platform encoding (Cp1252 actually) to copy filtered resources, i.e. build is platform dependent!
2023-11-24 17:46:54,750 [Worker-31: Building] INFO  o.a.m.s.f.DefaultMavenResourcesFiltering - skip non existing resourceDirectory C:\Users\y.bartash\eclipse-workspace\SeleniumJava\src\test\resources
2023-11-24 17:46:55,011 [Worker-33: Building] INFO  o.e.m.c.i.l.LifecycleMappingFactory - Using org.eclipse.m2e.jdt.JarLifecycleMapping lifecycle mapping for MavenProject: ExtendReport:Session22:0.0.1-SNAPSHOT @ C:\Users\y.bartash\eclipse-workspace\Session22\pom.xml.
2023-11-24 17:46:55,270 [Worker-33: Building] INFO  o.e.m.c.i.embedder.EclipseLogger - Using 'UTF-8' encoding to copy filtered resources.
2023-11-24 17:46:55,270 [Worker-33: Building] INFO  o.e.m.c.i.embedder.EclipseLogger - skip non existing resourceDirectory C:\Users\y.bartash\eclipse-workspace\Session22\src\main\resources
2023-11-24 17:46:55,272 [Worker-33: Building] INFO  o.e.m.c.i.embedder.EclipseLogger - Using 'UTF-8' encoding to copy filtered resources.
2023-11-24 17:46:55,272 [Worker-33: Building] INFO  o.e.m.c.i.embedder.EclipseLogger - skip non existing resourceDirectory C:\Users\y.bartash\eclipse-workspace\Session22\src\test\resources
2023-11-24 17:46:55,545 [Worker-33: Building] INFO  o.e.m.c.i.l.LifecycleMappingFactory - Using org.eclipse.m2e.jdt.JarLifecycleMapping lifecycle mapping for MavenProject: UdemyAutomationCourse:SeleniumJava:0.0.1-SNAPSHOT @ C:\Users\y.bartash\eclipse-workspace\UdemyCourse\pom.xml.
2023-11-24 17:46:55,778 [Worker-33: Building] WARN  o.a.m.s.f.DefaultMavenResourcesFiltering - Using platform encoding (Cp1252 actually) to copy filtered resources, i.e. build is platform dependent!
2023-11-24 17:46:55,779 [Worker-33: Building] INFO  o.a.m.s.f.DefaultMavenResourcesFiltering - skip non existing resourceDirectory C:\Users\y.bartash\eclipse-workspace\UdemyCourse\src\main\resources
2023-11-24 17:46:55,782 [Worker-33: Building] WARN  o.a.m.s.f.DefaultMavenResourcesFiltering - Using platform encoding (Cp1252 actually) to copy filtered resources, i.e. build is platform dependent!
2023-11-24 17:46:55,783 [Worker-33: Building] INFO  o.a.m.s.f.DefaultMavenResourcesFiltering - skip non existing resourceDirectory C:\Users\y.bartash\eclipse-workspace\UdemyCourse\src\test\resources
2023-11-24 17:46:56,166 [Worker-26: Updating Maven Dependencies] INFO  o.e.m.c.i.l.LifecycleMappingFactory - Using org.eclipse.m2e.jdt.JarLifecycleMapping lifecycle mapping for MavenProject: UdemyAutomationCourse:SeleniumJava:0.0.1-SNAPSHOT @ C:\Users\y.bartash\eclipse-workspace\UdemyCourse\pom.xml.
2023-11-24 17:46:56,303 [Worker-26: Updating Maven Dependencies] INFO  o.e.m.c.i.l.LifecycleMappingFactory - Using org.eclipse.m2e.jdt.JarLifecycleMapping lifecycle mapping for MavenProject: ExtendReport:Session22:0.0.1-SNAPSHOT @ C:\Users\y.bartash\eclipse-workspace\Session22\pom.xml.
